# JRE version: Java(TM) SE Runtime Environment (7.0_75-b13) (build 1.7.0_75-b13)
# Java VM: Java HotSpot(TM) 64-Bit Server VM (24.75-b04 mixed mode linux-amd64 compressed oops)
Heap
 PSYoungGen      total 137728K, used 18424K [0x00000000eaa80000, 0x00000000f4780000, 0x0000000100000000)
  eden space 119296K, 0% used [0x00000000eaa80000,0x00000000eaa80000,0x00000000f1f00000)
  from space 18432K, 99% used [0x00000000f1f00000,0x00000000f30fe138,0x00000000f3100000)
  to   space 13824K, 0% used [0x00000000f3100000,0x00000000f3100000,0x00000000f3e80000)
 ParOldGen       total 41984K, used 41881K [0x00000000c0000000, 0x00000000c2900000, 0x00000000eaa80000)
  object space 41984K, 99% used [0x00000000c0000000,0x00000000c28e6468,0x00000000c2900000)
 PSPermGen       total 21504K, used 5720K [0x00000000bae00000, 0x00000000bc300000, 0x00000000c0000000)
  object space 21504K, 26% used [0x00000000bae00000,0x00000000bb396338,0x00000000bc300000)
GC Heap History (10 events):
Event: 6.475 GC heap after
Heap after GC invocations=4 (full 0):
 PSYoungGen      total 34304K, used 2547K [0x00000000eaa80000, 0x00000000ece80000, 0x0000000100000000)
  eden space 31744K, 0% used [0x00000000eaa80000,0x00000000eaa80000,0x00000000ec980000)
  from space 2560K, 99% used [0x00000000ecc00000,0x00000000ece7cc40,0x00000000ece80000)
  to   space 2560K, 0% used [0x00000000ec980000,0x00000000ec980000,0x00000000ecc00000)
 ParOldGen       total 41472K, used 7919K [0x00000000c0000000, 0x00000000c2880000, 0x00000000eaa80000)
  object space 41472K, 19% used [0x00000000c0000000,0x00000000c07bbc50,0x00000000c2880000)
 PSPermGen       total 21504K, used 5537K [0x00000000bae00000, 0x00000000bc300000, 0x00000000c0000000)
  object space 21504K, 25% used [0x00000000bae00000,0x00000000bb368628,0x00000000bc300000)
}
Event: 9.603 GC heap before
{Heap before GC invocations=5 (full 0):
 PSYoungGen      total 34304K, used 34291K [0x00000000eaa80000, 0x00000000ece80000, 0x0000000100000000)
  eden space 31744K, 100% used [0x00000000eaa80000,0x00000000ec980000,0x00000000ec980000)
  from space 2560K, 99% used [0x00000000ecc00000,0x00000000ece7cc40,0x00000000ece80000)
  to   space 2560K, 0% used [0x00000000ec980000,0x00000000ec980000,0x00000000ecc00000)
 ParOldGen       total 41472K, used 7919K [0x00000000c0000000, 0x00000000c2880000, 0x00000000eaa80000)
  object space 41472K, 19% used [0x00000000c0000000,0x00000000c07bbc50,0x00000000c2880000)
 PSPermGen       total 21504K, used 5577K [0x00000000bae00000, 0x00000000bc300000, 0x00000000c0000000)
  object space 21504K, 25% used [0x00000000bae00000,0x00000000bb3727d8,0x00000000bc300000)
Event: 9.655 GC heap after
Heap after GC invocations=5 (full 0):
 PSYoungGen      total 34304K, used 2544K [0x00000000eaa80000, 0x00000000ef680000, 0x0000000100000000)
  eden space 31744K, 0% used [0x00000000eaa80000,0x00000000eaa80000,0x00000000ec980000)
  from space 2560K, 99% used [0x00000000ec980000,0x00000000ecbfc2b0,0x00000000ecc00000)
  to   space 7168K, 0% used [0x00000000eef80000,0x00000000eef80000,0x00000000ef680000)
 ParOldGen       total 41472K, used 12918K [0x00000000c0000000, 0x00000000c2880000, 0x00000000eaa80000)
  object space 41472K, 31% used [0x00000000c0000000,0x00000000c0c9d8a8,0x00000000c2880000)
 PSPermGen       total 21504K, used 5577K [0x00000000bae00000, 0x00000000bc300000, 0x00000000c0000000)
  object space 21504K, 25% used [0x00000000bae00000,0x00000000bb3727d8,0x00000000bc300000)
}
Event: 11.498 GC heap before
{Heap before GC invocations=6 (full 0):
 PSYoungGen      total 34304K, used 34288K [0x00000000eaa80000, 0x00000000ef680000, 0x0000000100000000)
  eden space 31744K, 100% used [0x00000000eaa80000,0x00000000ec980000,0x00000000ec980000)
  from space 2560K, 99% used [0x00000000ec980000,0x00000000ecbfc2b0,0x00000000ecc00000)
  to   space 7168K, 0% used [0x00000000eef80000,0x00000000eef80000,0x00000000ef680000)
 ParOldGen       total 41472K, used 12918K [0x00000000c0000000, 0x00000000c2880000, 0x00000000eaa80000)
  object space 41472K, 31% used [0x00000000c0000000,0x00000000c0c9d8a8,0x00000000c2880000)
 PSPermGen       total 21504K, used 5607K [0x00000000bae00000, 0x00000000bc300000, 0x00000000c0000000)
  object space 21504K, 26% used [0x00000000bae00000,0x00000000bb379c68,0x00000000bc300000)
Event: 11.564 GC heap after
Heap after GC invocations=6 (full 0):
 PSYoungGen      total 69120K, used 7158K [0x00000000eaa80000, 0x00000000ef980000, 0x0000000100000000)
  eden space 61952K, 0% used [0x00000000eaa80000,0x00000000eaa80000,0x00000000ee700000)
  from space 7168K, 99% used [0x00000000eef80000,0x00000000ef67dbe0,0x00000000ef680000)
  to   space 8704K, 0% used [0x00000000ee700000,0x00000000ee700000,0x00000000eef80000)
 ParOldGen       total 41472K, used 13972K [0x00000000c0000000, 0x00000000c2880000, 0x00000000eaa80000)
  object space 41472K, 33% used [0x00000000c0000000,0x00000000c0da5058,0x00000000c2880000)
 PSPermGen       total 21504K, used 5607K [0x00000000bae00000, 0x00000000bc300000, 0x00000000c0000000)
  object space 21504K, 26% used [0x00000000bae00000,0x00000000bb379c68,0x00000000bc300000)
}
Event: 14.094 GC heap before
{Heap before GC invocations=7 (full 0):
 PSYoungGen      total 69120K, used 69110K [0x00000000eaa80000, 0x00000000ef980000, 0x0000000100000000)
  eden space 61952K, 100% used [0x00000000eaa80000,0x00000000ee700000,0x00000000ee700000)
  from space 7168K, 99% used [0x00000000eef80000,0x00000000ef67dbe0,0x00000000ef680000)
  to   space 8704K, 0% used [0x00000000ee700000,0x00000000ee700000,0x00000000eef80000)
 ParOldGen       total 41472K, used 13972K [0x00000000c0000000, 0x00000000c2880000, 0x00000000eaa80000)
  object space 41472K, 33% used [0x00000000c0000000,0x00000000c0da5058,0x00000000c2880000)
 PSPermGen       total 21504K, used 5645K [0x00000000bae00000, 0x00000000bc300000, 0x00000000c0000000)
  object space 21504K, 26% used [0x00000000bae00000,0x00000000bb383588,0x00000000bc300000)
Event: 14.193 GC heap after
Heap after GC invocations=7 (full 0):
 PSYoungGen      total 70656K, used 8675K [0x00000000eaa80000, 0x00000000f3e80000, 0x0000000100000000)
  eden space 61952K, 0% used [0x00000000eaa80000,0x00000000eaa80000,0x00000000ee700000)
  from space 8704K, 99% used [0x00000000ee700000,0x00000000eef78f50,0x00000000eef80000)
  to   space 13824K, 0% used [0x00000000f3100000,0x00000000f3100000,0x00000000f3e80000)
 ParOldGen       total 41472K, used 22264K [0x00000000c0000000, 0x00000000c2880000, 0x00000000eaa80000)
  object space 41472K, 53% used [0x00000000c0000000,0x00000000c15be250,0x00000000c2880000)
 PSPermGen       total 21504K, used 5645K [0x00000000bae00000, 0x00000000bc300000, 0x00000000c0000000)
  object space 21504K, 26% used [0x00000000bae00000,0x00000000bb383588,0x00000000bc300000)
}
Event: 15.593 GC heap before
{Heap before GC invocations=8 (full 0):
 PSYoungGen      total 70656K, used 70627K [0x00000000eaa80000, 0x00000000f3e80000, 0x0000000100000000)
  eden space 61952K, 100% used [0x00000000eaa80000,0x00000000ee700000,0x00000000ee700000)
  from space 8704K, 99% used [0x00000000ee700000,0x00000000eef78f50,0x00000000eef80000)
  to   space 13824K, 0% used [0x00000000f3100000,0x00000000f3100000,0x00000000f3e80000)
 ParOldGen       total 41472K, used 22264K [0x00000000c0000000, 0x00000000c2880000, 0x00000000eaa80000)
  object space 41472K, 53% used [0x00000000c0000000,0x00000000c15be250,0x00000000c2880000)
 PSPermGen       total 21504K, used 5664K [0x00000000bae00000, 0x00000000bc300000, 0x00000000c0000000)
  object space 21504K, 26% used [0x00000000bae00000,0x00000000bb3883d0,0x00000000bc300000)
Event: 15.667 GC heap after
Heap after GC invocations=8 (full 0):
 PSYoungGen      total 133120K, used 13792K [0x00000000eaa80000, 0x00000000f4780000, 0x0000000100000000)
  eden space 119296K, 0% used [0x00000000eaa80000,0x00000000eaa80000,0x00000000f1f00000)
  from space 13824K, 99% used [0x00000000f3100000,0x00000000f3e783a8,0x00000000f3e80000)
  to   space 18432K, 0% used [0x00000000f1f00000,0x00000000f1f00000,0x00000000f3100000)
 ParOldGen       total 41472K, used 27542K [0x00000000c0000000, 0x00000000c2880000, 0x00000000eaa80000)
  object space 41472K, 66% used [0x00000000c0000000,0x00000000c1ae5968,0x00000000c2880000)
 PSPermGen       total 21504K, used 5664K [0x00000000bae00000, 0x00000000bc300000, 0x00000000c0000000)
  object space 21504K, 26% used [0x00000000bae00000,0x00000000bb3883d0,0x00000000bc300000)
}
Event: 17.819 GC heap before
{Heap before GC invocations=9 (full 0):
 PSYoungGen      total 133120K, used 133088K [0x00000000eaa80000, 0x00000000f4780000, 0x0000000100000000)
  eden space 119296K, 100% used [0x00000000eaa80000,0x00000000f1f00000,0x00000000f1f00000)
  from space 13824K, 99% used [0x00000000f3100000,0x00000000f3e783a8,0x00000000f3e80000)
  to   space 18432K, 0% used [0x00000000f1f00000,0x00000000f1f00000,0x00000000f3100000)
 ParOldGen       total 41472K, used 27542K [0x00000000c0000000, 0x00000000c2880000, 0x00000000eaa80000)
  object space 41472K, 66% used [0x00000000c0000000,0x00000000c1ae5968,0x00000000c2880000)
 PSPermGen       total 21504K, used 5720K [0x00000000bae00000, 0x00000000bc300000, 0x00000000c0000000)
  object space 21504K, 26% used [0x00000000bae00000,0x00000000bb396338,0x00000000bc300000)

